SINTAXIS ANSI 
-------------------------------------------------------------------------------------
| Id  | Operation              | Name       | Rows  | Bytes | Cost (%CPU)| Time     |
-------------------------------------------------------------------------------------
|   0 | SELECT STATEMENT       |            | 30035 |  7508K|    83   (2)| 00:00:01 |
|*  1 |  HASH JOIN RIGHT OUTER |            | 30035 |  7508K|    83   (2)| 00:00:01 |
|   2 |   TABLE ACCESS FULL    | DIRECTORES | 10000 |   634K|    11   (0)| 00:00:01 |
|*  3 |   HASH JOIN RIGHT OUTER|            | 30035 |  5602K|    71   (0)| 00:00:01 |
|   4 |    TABLE ACCESS FULL   | TEMATICAS  |   100 |  6500 |     3   (0)| 00:00:01 |
|   5 |    TABLE ACCESS FULL   | PELICULAS  | 30035 |  3695K|    68   (0)| 00:00:01 |
-------------------------------------------------------------------------------------
                                               ^^^^    ^^^^^   ^^^^^
                                             ESTIMACION        
SINTAXIS DE ORACLE
-------------------------------------------------------------------------------------
| Id  | Operation              | Name       | Rows  | Bytes | Cost (%CPU)| Time     |
-------------------------------------------------------------------------------------
|   0 | SELECT STATEMENT       |            | 30035 |  7508K|    83   (2)| 00:00:01 |
|*  1 |  HASH JOIN RIGHT OUTER |            | 30035 |  7508K|    83   (2)| 00:00:01 |
|   2 |   TABLE ACCESS FULL    | DIRECTORES | 10000 |   634K|    11   (0)| 00:00:01 |
|*  3 |   HASH JOIN RIGHT OUTER|            | 30035 |  5602K|    71   (0)| 00:00:01 |
|   4 |    TABLE ACCESS FULL   | TEMATICAS  |   100 |  6500 |     3   (0)| 00:00:01 |
|   5 |    TABLE ACCESS FULL   | PELICULAS  | 30035 |  3695K|    68   (0)| 00:00:01 |
-------------------------------------------------------------------------------------

SUBQUERY

-------------------------------------------------------------------------------------------
| Id  | Operation                   | Name        | Rows  | Bytes | Cost (%CPU)| Time     |
-------------------------------------------------------------------------------------------
|   0 | SELECT STATEMENT            |             | 30035 |  5602K|  1957   (1)| 00:00:01 |
|   1 |  TABLE ACCESS BY INDEX ROWID| TEMATICAS   |     1 |    65 |     2   (0)| 00:00:01 |
|*  2 |   INDEX UNIQUE SCAN         | SYS_C007767 |     1 |       |     1   (0)| 00:00:01 |
|*  3 |  HASH JOIN RIGHT OUTER      |             | 30035 |  5602K|    80   (2)| 00:00:01 |
|   4 |   TABLE ACCESS FULL         | DIRECTORES  | 10000 |   634K|    11   (0)| 00:00:01 |
|   5 |   TABLE ACCESS FULL         | PELICULAS   | 30035 |  3695K|    68   (0)| 00:00:01 |
-------------------------------------------------------------------------------------------

